21-07-13 17:25:21 ** --- MESSAGE BEGIN ---
21-07-13 17:25:21 ** To: mzmlrafiqcse@gmail.com
21-07-13 17:25:21 ** Subject: PASSWORD FROM MZML VOTING SYSTEM
21-07-13 17:25:21 ** From: patanahikyahai11@gmail.com
21-07-13 17:25:21 ** 
21-07-13 17:25:21 ** Your password is: 267814
21-07-13 17:25:21 ** --- MESSAGE END ---
21-07-13 17:25:22 ** Connecting to smtp.gmail.com:587
21-07-13 17:25:23 ** Connected.
21-07-13 17:25:23 << 220 smtp.gmail.com ESMTP 10sm19742152pfh.174 - gsmtp<EOL>
21-07-13 17:25:23 >> EHLO mzml-laptop<EOL>
21-07-13 17:25:24 << 250-smtp.gmail.com at your service, [169.149.36.209]<EOL>250-SIZE 35882577<EOL>250-8BITMIME<EOL>250-STARTTLS<EOL>250-ENHANCEDSTATUSCODES<EOL>250-PIPELINING<EOL>250-CHUNKING<EOL>250 SMTPUTF8<EOL>
21-07-13 17:25:24 ** Authenticating as patanahikyahai11@gmail.com
21-07-13 17:25:24 >> STARTTLS<EOL>
21-07-13 17:25:24 << 220 2.0.0 Ready to start TLS<EOL>
21-07-13 17:25:25 >> EHLO mzml-laptop<EOL>
21-07-13 17:25:25 << 250-smtp.gmail.com at your service, [169.149.36.209]<EOL>250-SIZE 35882577<EOL>250-8BITMIME<EOL>250-AUTH LOGIN PLAIN XOAUTH2 PLAIN-CLIENTTOKEN OAUTHBEARER XOAUTH<EOL>250-ENHANCEDSTATUSCODES<EOL>250-PIPELINING<EOL>250-CHUNKING<EOL>250 SMTPUTF8<EOL>
21-07-13 17:25:25 >> AUTH LOGIN<EOL>
21-07-13 17:25:26 << 334 VXNlcm5hbWU6<EOL>
21-07-13 17:25:26 >> cGF0YW5haGlreWFoYWkxMUBnbWFpbC5jb20=<EOL>
21-07-13 17:25:26 << 334 UGFzc3dvcmQ6<EOL>
21-07-13 17:25:26 >> cGF0YW5haGkxMQ==<EOL>
21-07-13 17:25:27 << 235 2.7.0 Accepted<EOL>
21-07-13 17:25:27 >> MAIL FROM: <patanahikyahai11@gmail.com><EOL>
21-07-13 17:25:27 << 250 2.1.0 OK 10sm19742152pfh.174 - gsmtp<EOL>
21-07-13 17:25:27 >> RCPT TO: <mzmlrafiqcse@gmail.com><EOL>
21-07-13 17:25:28 << 250 2.1.5 OK 10sm19742152pfh.174 - gsmtp<EOL>
21-07-13 17:25:28 >> DATA<EOL>
21-07-13 17:25:29 << 354  Go ahead 10sm19742152pfh.174 - gsmtp<EOL>
21-07-13 17:25:29 >> Date: Tue, 13 Jul 2021 17:25:29 +0530<EOL>
21-07-13 17:25:29 >> To: mzmlrafiqcse@gmail.com<EOL>
21-07-13 17:25:29 >> Subject: PASSWORD FROM MZML VOTING SYSTEM<EOL>
21-07-13 17:25:29 >> From: patanahikyahai11@gmail.com<EOL>
21-07-13 17:25:29 >> <EOL>
21-07-13 17:25:29 >> Your password is: 267814<EOL>
21-07-13 17:25:29 >> .<EOL>
21-07-13 17:25:30 << 250 2.0.0 OK  1626177329 10sm19742152pfh.174 - gsmtp<EOL>
21-07-13 17:25:30 >> QUIT<EOL>
21-07-13 17:25:31 << 221 2.0.0 closing connection 10sm19742152pfh.174 - gsmtp<EOL>
21-07-13 17:25:31 ** Disconnected.
21-07-13 17:25:31 ** Disconnected.
21-07-13 17:25:31 ** Disconnected.
21-07-13 17:28:36 ** --- MESSAGE BEGIN ---
21-07-13 17:28:36 ** To: muzzammil12rafiq@gmail.com
21-07-13 17:28:36 ** Subject: PASSWORD FROM MZML VOTING SYSTEM
21-07-13 17:28:36 ** From: patanahikyahai11@gmail.com
21-07-13 17:28:36 ** 
21-07-13 17:28:36 ** Your password is: GTaeZD
21-07-13 17:28:36 ** --- MESSAGE END ---
21-07-13 17:28:37 ** Connecting to smtp.gmail.com:587
21-07-13 17:28:37 ** Connected.
21-07-13 17:28:37 << 220 smtp.gmail.com ESMTP q4sm2008644pfn.23 - gsmtp<EOL>
21-07-13 17:28:37 >> EHLO mzml-laptop<EOL>
21-07-13 17:28:38 << 250-smtp.gmail.com at your service, [169.149.36.209]<EOL>250-SIZE 35882577<EOL>250-8BITMIME<EOL>250-STARTTLS<EOL>250-ENHANCEDSTATUSCODES<EOL>250-PIPELINING<EOL>250-CHUNKING<EOL>250 SMTPUTF8<EOL>
21-07-13 17:28:38 ** Authenticating as patanahikyahai11@gmail.com
21-07-13 17:28:38 >> STARTTLS<EOL>
21-07-13 17:28:38 << 220 2.0.0 Ready to start TLS<EOL>
21-07-13 17:28:38 >> EHLO mzml-laptop<EOL>
21-07-13 17:28:39 << 250-smtp.gmail.com at your service, [169.149.36.209]<EOL>250-SIZE 35882577<EOL>250-8BITMIME<EOL>250-AUTH LOGIN PLAIN XOAUTH2 PLAIN-CLIENTTOKEN OAUTHBEARER XOAUTH<EOL>250-ENHANCEDSTATUSCODES<EOL>250-PIPELINING<EOL>250-CHUNKING<EOL>250 SMTPUTF8<EOL>
21-07-13 17:28:39 >> AUTH LOGIN<EOL>
21-07-13 17:28:39 << 334 VXNlcm5hbWU6<EOL>
21-07-13 17:28:39 >> cGF0YW5haGlreWFoYWkxMUBnbWFpbC5jb20=<EOL>
21-07-13 17:28:40 << 334 UGFzc3dvcmQ6<EOL>
21-07-13 17:28:40 >> cGF0YW5haGkxMQ==<EOL>
21-07-13 17:28:40 << 235 2.7.0 Accepted<EOL>
21-07-13 17:28:40 >> MAIL FROM: <patanahikyahai11@gmail.com><EOL>
21-07-13 17:28:41 << 250 2.1.0 OK q4sm2008644pfn.23 - gsmtp<EOL>
21-07-13 17:28:41 >> RCPT TO: <muzzammil12rafiq@gmail.com><EOL>
21-07-13 17:28:41 << 250 2.1.5 OK q4sm2008644pfn.23 - gsmtp<EOL>
21-07-13 17:28:41 >> DATA<EOL>
21-07-13 17:28:42 << 354  Go ahead q4sm2008644pfn.23 - gsmtp<EOL>
21-07-13 17:28:42 >> Date: Tue, 13 Jul 2021 17:28:42 +0530<EOL>
21-07-13 17:28:42 >> To: muzzammil12rafiq@gmail.com<EOL>
21-07-13 17:28:42 >> Subject: PASSWORD FROM MZML VOTING SYSTEM<EOL>
21-07-13 17:28:42 >> From: patanahikyahai11@gmail.com<EOL>
21-07-13 17:28:42 >> <EOL>
21-07-13 17:28:42 >> Your password is: GTaeZD<EOL>
21-07-13 17:28:42 >> .<EOL>
21-07-13 17:28:43 << 250 2.0.0 OK  1626177521 q4sm2008644pfn.23 - gsmtp<EOL>
21-07-13 17:28:43 >> QUIT<EOL>
21-07-13 17:28:43 << 221 2.0.0 closing connection q4sm2008644pfn.23 - gsmtp<EOL>
21-07-13 17:28:43 ** Disconnected.
21-07-13 17:28:43 ** Disconnected.
21-07-13 17:28:43 ** Disconnected.
21-07-13 17:30:27 ** --- MESSAGE BEGIN ---
21-07-13 17:30:27 ** To: mzmlrafiqcse@gmail.com
21-07-13 17:30:27 ** Subject: PASSWORD FROM MZML VOTING SYSTEM
21-07-13 17:30:27 ** From: patanahikyahai11@gmail.com
21-07-13 17:30:27 ** 
21-07-13 17:30:27 ** Your password is: 7ujdcg
21-07-13 17:30:27 ** --- MESSAGE END ---
21-07-13 17:30:28 ** Connecting to smtp.gmail.com:587
21-07-13 17:30:29 ** Connected.
21-07-13 17:30:29 << 220 smtp.gmail.com ESMTP 73sm17162749pjz.24 - gsmtp<EOL>
21-07-13 17:30:29 >> EHLO mzml-laptop<EOL>
21-07-13 17:30:30 << 250-smtp.gmail.com at your service, [169.149.36.209]<EOL>250-SIZE 35882577<EOL>250-8BITMIME<EOL>250-STARTTLS<EOL>250-ENHANCEDSTATUSCODES<EOL>250-PIPELINING<EOL>250-CHUNKING<EOL>250 SMTPUTF8<EOL>
21-07-13 17:30:30 ** Authenticating as patanahikyahai11@gmail.com
21-07-13 17:30:30 >> STARTTLS<EOL>
21-07-13 17:30:30 << 220 2.0.0 Ready to start TLS<EOL>
21-07-13 17:30:31 >> EHLO mzml-laptop<EOL>
21-07-13 17:30:31 << 250-smtp.gmail.com at your service, [169.149.36.209]<EOL>250-SIZE 35882577<EOL>250-8BITMIME<EOL>250-AUTH LOGIN PLAIN XOAUTH2 PLAIN-CLIENTTOKEN OAUTHBEARER XOAUTH<EOL>250-ENHANCEDSTATUSCODES<EOL>250-PIPELINING<EOL>250-CHUNKING<EOL>250 SMTPUTF8<EOL>
21-07-13 17:30:31 >> AUTH LOGIN<EOL>
21-07-13 17:30:32 << 334 VXNlcm5hbWU6<EOL>
21-07-13 17:30:32 >> cGF0YW5haGlreWFoYWkxMUBnbWFpbC5jb20=<EOL>
21-07-13 17:30:32 << 334 UGFzc3dvcmQ6<EOL>
21-07-13 17:30:32 >> cGF0YW5haGkxMQ==<EOL>
21-07-13 17:30:33 << 235 2.7.0 Accepted<EOL>
21-07-13 17:30:33 >> MAIL FROM: <patanahikyahai11@gmail.com><EOL>
21-07-13 17:30:33 << 250 2.1.0 OK 73sm17162749pjz.24 - gsmtp<EOL>
21-07-13 17:30:33 >> RCPT TO: <mzmlrafiqcse@gmail.com><EOL>
21-07-13 17:30:34 << 250 2.1.5 OK 73sm17162749pjz.24 - gsmtp<EOL>
21-07-13 17:30:34 >> DATA<EOL>
21-07-13 17:30:35 << 354  Go ahead 73sm17162749pjz.24 - gsmtp<EOL>
21-07-13 17:30:35 >> Date: Tue, 13 Jul 2021 17:30:35 +0530<EOL>
21-07-13 17:30:35 >> To: mzmlrafiqcse@gmail.com<EOL>
21-07-13 17:30:35 >> Subject: PASSWORD FROM MZML VOTING SYSTEM<EOL>
21-07-13 17:30:35 >> From: patanahikyahai11@gmail.com<EOL>
21-07-13 17:30:35 >> <EOL>
21-07-13 17:30:35 >> Your password is: 7ujdcg<EOL>
21-07-13 17:30:35 >> .<EOL>
21-07-13 17:30:36 << 250 2.0.0 OK  1626177635 73sm17162749pjz.24 - gsmtp<EOL>
21-07-13 17:30:36 >> QUIT<EOL>
21-07-13 17:30:37 << 221 2.0.0 closing connection 73sm17162749pjz.24 - gsmtp<EOL>
21-07-13 17:30:37 ** Disconnected.
21-07-13 17:30:37 ** Disconnected.
21-07-13 17:30:37 ** Disconnected.
21-07-13 17:33:24 ** --- MESSAGE BEGIN ---
21-07-13 17:33:24 ** To: doingdays@gmail.com
21-07-13 17:33:24 ** Subject: PASSWORD FROM MZML VOTING SYSTEM
21-07-13 17:33:24 ** From: patanahikyahai11@gmail.com
21-07-13 17:33:24 ** 
21-07-13 17:33:24 ** Your password is: R3UISI
21-07-13 17:33:24 ** --- MESSAGE END ---
21-07-13 17:33:25 ** Connecting to smtp.gmail.com:587
21-07-13 17:33:26 ** Connected.
21-07-13 17:33:26 << 220 smtp.gmail.com ESMTP u23sm22806046pgk.38 - gsmtp<EOL>
21-07-13 17:33:26 >> EHLO mzml-laptop<EOL>
21-07-13 17:33:27 << 250-smtp.gmail.com at your service, [169.149.4.203]<EOL>250-SIZE 35882577<EOL>250-8BITMIME<EOL>250-STARTTLS<EOL>250-ENHANCEDSTATUSCODES<EOL>250-PIPELINING<EOL>250-CHUNKING<EOL>250 SMTPUTF8<EOL>
21-07-13 17:33:27 ** Authenticating as patanahikyahai11@gmail.com
21-07-13 17:33:27 >> STARTTLS<EOL>
21-07-13 17:33:27 << 220 2.0.0 Ready to start TLS<EOL>
21-07-13 17:33:27 >> EHLO mzml-laptop<EOL>
21-07-13 17:33:28 << 250-smtp.gmail.com at your service, [169.149.4.203]<EOL>250-SIZE 35882577<EOL>250-8BITMIME<EOL>250-AUTH LOGIN PLAIN XOAUTH2 PLAIN-CLIENTTOKEN OAUTHBEARER XOAUTH<EOL>250-ENHANCEDSTATUSCODES<EOL>250-PIPELINING<EOL>250-CHUNKING<EOL>250 SMTPUTF8<EOL>
21-07-13 17:33:28 >> AUTH LOGIN<EOL>
21-07-13 17:33:28 << 334 VXNlcm5hbWU6<EOL>
21-07-13 17:33:28 >> cGF0YW5haGlreWFoYWkxMUBnbWFpbC5jb20=<EOL>
21-07-13 17:33:29 << 334 UGFzc3dvcmQ6<EOL>
21-07-13 17:33:29 >> cGF0YW5haGkxMQ==<EOL>
21-07-13 17:33:29 << 235 2.7.0 Accepted<EOL>
21-07-13 17:33:29 >> MAIL FROM: <patanahikyahai11@gmail.com><EOL>
21-07-13 17:33:30 << 250 2.1.0 OK u23sm22806046pgk.38 - gsmtp<EOL>
21-07-13 17:33:30 >> RCPT TO: <doingdays@gmail.com><EOL>
21-07-13 17:33:30 << 250 2.1.5 OK u23sm22806046pgk.38 - gsmtp<EOL>
21-07-13 17:33:30 >> DATA<EOL>
21-07-13 17:33:31 << 354  Go ahead u23sm22806046pgk.38 - gsmtp<EOL>
21-07-13 17:33:31 >> Date: Tue, 13 Jul 2021 17:33:31 +0530<EOL>
21-07-13 17:33:31 >> To: doingdays@gmail.com<EOL>
21-07-13 17:33:31 >> Subject: PASSWORD FROM MZML VOTING SYSTEM<EOL>
21-07-13 17:33:31 >> From: patanahikyahai11@gmail.com<EOL>
21-07-13 17:33:31 >> <EOL>
21-07-13 17:33:31 >> Your password is: R3UISI<EOL>
21-07-13 17:33:31 >> .<EOL>
21-07-13 17:33:32 << 250 2.0.0 OK  1626177810 u23sm22806046pgk.38 - gsmtp<EOL>
21-07-13 17:33:32 >> QUIT<EOL>
21-07-13 17:33:32 << 221 2.0.0 closing connection u23sm22806046pgk.38 - gsmtp<EOL>
21-07-13 17:33:32 ** Disconnected.
21-07-13 17:33:32 ** Disconnected.
21-07-13 17:33:32 ** Disconnected.
21-07-14 09:52:27 ** --- MESSAGE BEGIN ---
21-07-14 09:52:27 ** To: mzmlrafiqcse@gmail.com
21-07-14 09:52:27 ** Subject: PASSWORD FROM MZML VOTING SYSTEM
21-07-14 09:52:27 ** From: youremail@gmail.com
21-07-14 09:52:27 ** 
21-07-14 09:52:27 ** Your password is: Z7nugs
21-07-14 09:52:27 ** --- MESSAGE END ---
21-07-14 09:52:28 ** Connecting to smtp.gmail.com:587
21-07-14 09:52:29 ** Connected.
21-07-14 09:52:29 << 220 smtp.gmail.com ESMTP w22sm726093pfn.188 - gsmtp<EOL>
21-07-14 09:52:29 >> EHLO mzml-laptop<EOL>
21-07-14 09:52:29 << 250-smtp.gmail.com at your service, [169.149.16.189]<EOL>250-SIZE 35882577<EOL>250-8BITMIME<EOL>250-STARTTLS<EOL>250-ENHANCEDSTATUSCODES<EOL>250-PIPELINING<EOL>250-CHUNKING<EOL>250 SMTPUTF8<EOL>
21-07-14 09:52:29 ** Authenticating as patanahikyahai11@gmail.com
21-07-14 09:52:29 >> STARTTLS<EOL>
21-07-14 09:52:29 << 220 2.0.0 Ready to start TLS<EOL>
21-07-14 09:52:30 >> EHLO mzml-laptop<EOL>
21-07-14 09:52:30 << 250-smtp.gmail.com at your service, [169.149.16.189]<EOL>250-SIZE 35882577<EOL>250-8BITMIME<EOL>250-AUTH LOGIN PLAIN XOAUTH2 PLAIN-CLIENTTOKEN OAUTHBEARER XOAUTH<EOL>250-ENHANCEDSTATUSCODES<EOL>250-PIPELINING<EOL>250-CHUNKING<EOL>250 SMTPUTF8<EOL>
21-07-14 09:52:30 >> AUTH LOGIN<EOL>
21-07-14 09:52:30 << 334 VXNlcm5hbWU6<EOL>
21-07-14 09:52:30 >> cGF0YW5haGlreWFoYWkxMUBnbWFpbC5jb20=<EOL>
21-07-14 09:52:31 << 334 UGFzc3dvcmQ6<EOL>
21-07-14 09:52:31 >> cGF0YW5haGkxMQ==<EOL>
21-07-14 09:52:31 << 235 2.7.0 Accepted<EOL>
21-07-14 09:52:31 >> MAIL FROM: <patanahikyahai11@gmail.com><EOL>
21-07-14 09:52:31 << 250 2.1.0 OK w22sm726093pfn.188 - gsmtp<EOL>
21-07-14 09:52:31 >> RCPT TO: <mzmlrafiqcse@gmail.com><EOL>
21-07-14 09:52:32 << 250 2.1.5 OK w22sm726093pfn.188 - gsmtp<EOL>
21-07-14 09:52:32 >> DATA<EOL>
21-07-14 09:52:33 << 354  Go ahead w22sm726093pfn.188 - gsmtp<EOL>
21-07-14 09:52:33 >> Date: Wed, 14 Jul 2021 09:52:33 +0530<EOL>
21-07-14 09:52:33 >> To: mzmlrafiqcse@gmail.com<EOL>
21-07-14 09:52:33 >> Subject: PASSWORD FROM MZML VOTING SYSTEM<EOL>
21-07-14 09:52:33 >> From: youremail@gmail.com<EOL>
21-07-14 09:52:33 >> <EOL>
21-07-14 09:52:33 >> Your password is: Z7nugs<EOL>
21-07-14 09:52:33 >> .<EOL>
21-07-14 09:52:34 << 250 2.0.0 OK  1626236552 w22sm726093pfn.188 - gsmtp<EOL>
21-07-14 09:52:34 >> QUIT<EOL>
21-07-14 09:52:34 << 221 2.0.0 closing connection w22sm726093pfn.188 - gsmtp<EOL>
21-07-14 09:52:34 ** Disconnected.
21-07-14 09:52:34 ** Disconnected.
21-07-14 09:52:34 ** Disconnected.
21-08-08 22:24:12 ** --- MESSAGE BEGIN ---
21-08-08 22:24:12 ** To: moonisahrafiq@gmail.com
21-08-08 22:24:12 ** Subject: PASSWORD FROM MZML VOTING SYSTEM
21-08-08 22:24:12 ** From: youremail@gmail.com
21-08-08 22:24:12 ** 
21-08-08 22:24:12 ** Your password is: TnZ8Hg
21-08-08 22:24:12 ** --- MESSAGE END ---
21-08-08 22:24:13 ** Connecting to smtp.gmail.com:587
21-08-08 22:24:14 ** Connected.
21-08-08 22:24:14 << 220 smtp.gmail.com ESMTP q4sm19648788pgv.16 - gsmtp<EOL>
21-08-08 22:24:14 >> EHLO mzml-laptop<EOL>
21-08-08 22:24:14 << 250-smtp.gmail.com at your service, [169.149.60.195]<EOL>250-SIZE 35882577<EOL>250-8BITMIME<EOL>250-STARTTLS<EOL>250-ENHANCEDSTATUSCODES<EOL>250-PIPELINING<EOL>250-CHUNKING<EOL>250 SMTPUTF8<EOL>
21-08-08 22:24:14 ** Authenticating as patanahikyahai11@gmail.com
21-08-08 22:24:14 >> STARTTLS<EOL>
21-08-08 22:24:15 << 220 2.0.0 Ready to start TLS<EOL>
21-08-08 22:24:15 >> EHLO mzml-laptop<EOL>
21-08-08 22:24:15 << 250-smtp.gmail.com at your service, [169.149.60.195]<EOL>250-SIZE 35882577<EOL>250-8BITMIME<EOL>250-AUTH LOGIN PLAIN XOAUTH2 PLAIN-CLIENTTOKEN OAUTHBEARER XOAUTH<EOL>250-ENHANCEDSTATUSCODES<EOL>250-PIPELINING<EOL>250-CHUNKING<EOL>250 SMTPUTF8<EOL>
21-08-08 22:24:15 >> AUTH LOGIN<EOL>
21-08-08 22:24:16 << 334 VXNlcm5hbWU6<EOL>
21-08-08 22:24:16 >> cGF0YW5haGlreWFoYWkxMUBnbWFpbC5jb20=<EOL>
21-08-08 22:24:16 << 334 UGFzc3dvcmQ6<EOL>
21-08-08 22:24:16 >> cGF0YW5haGkxMQ==<EOL>
21-08-08 22:24:17 << 235 2.7.0 Accepted<EOL>
21-08-08 22:24:17 >> MAIL FROM: <patanahikyahai11@gmail.com><EOL>
21-08-08 22:24:17 << 250 2.1.0 OK q4sm19648788pgv.16 - gsmtp<EOL>
21-08-08 22:24:17 >> RCPT TO: <moonisahrafiq@gmail.com><EOL>
21-08-08 22:24:17 << 250 2.1.5 OK q4sm19648788pgv.16 - gsmtp<EOL>
21-08-08 22:24:17 >> DATA<EOL>
21-08-08 22:24:18 << 354  Go ahead q4sm19648788pgv.16 - gsmtp<EOL>
21-08-08 22:24:18 >> Date: Sun, 8 Aug 2021 22:24:18 +0530<EOL>
21-08-08 22:24:18 >> To: moonisahrafiq@gmail.com<EOL>
21-08-08 22:24:18 >> Subject: PASSWORD FROM MZML VOTING SYSTEM<EOL>
21-08-08 22:24:18 >> From: youremail@gmail.com<EOL>
21-08-08 22:24:18 >> <EOL>
21-08-08 22:24:18 >> Your password is: TnZ8Hg<EOL>
21-08-08 22:24:18 >> .<EOL>
21-08-08 22:24:19 << 250 2.0.0 OK  1628441658 q4sm19648788pgv.16 - gsmtp<EOL>
21-08-08 22:24:19 >> QUIT<EOL>
21-08-08 22:24:20 << 221 2.0.0 closing connection q4sm19648788pgv.16 - gsmtp<EOL>
21-08-08 22:24:20 ** Disconnected.
21-08-08 22:24:20 ** Disconnected.
21-08-08 22:24:20 ** Disconnected.
